Added Component: Designator=ANT?(THT Antenna ANT-GNSSCP-TH25L1)
Add component. Clean all parameters for all variants
Add component (AddParameter): Name = "ComponentLink1Description"; Value = "Datasheet"; VariantName = "[No Variations]"
Add component (AddParameter): Name = "ComponentLink1URL"; Value = "https://linxtechnologies.com/wp/wp-content/uploads/ant-gnsscp-th25l1-ds.pdf"; VariantName = "[No Variations]"
Added Component: Designator=C?(SMD Keramikkondensator 0805)
Add component. Clean all parameters for all variants
Add component (AddParameter): Name = "Number"; Value = "-"; VariantName = "[No Variations]"
Add component (AddParameter): Name = "Supplier"; Value = "-"; VariantName = "[No Variations]"
Add component (AddParameter): Name = "Unit Price"; Value = "0.01"; VariantName = "[No Variations]"
Added Component: Designator=C?(SMD Keramikkondensator 0805)
Add component. Clean all parameters for all variants
Add component (AddParameter): Name = "Number"; Value = "-"; VariantName = "[No Variations]"
Add component (AddParameter): Name = "Supplier"; Value = "-"; VariantName = "[No Variations]"
Add component (AddParameter): Name = "Unit Price"; Value = "0.01"; VariantName = "[No Variations]"
Added Component: Designator=C?(SMD Keramikkondensator 0805)
Add component. Clean all parameters for all variants
Add component (AddParameter): Name = "Number"; Value = "-"; VariantName = "[No Variations]"
Add component (AddParameter): Name = "Supplier"; Value = "-"; VariantName = "[No Variations]"
Add component (AddParameter): Name = "Unit Price"; Value = "0.01"; VariantName = "[No Variations]"
Added Component: Designator=C?(SMD Keramikkondensator 0805)
Add component. Clean all parameters for all variants
Add component (AddParameter): Name = "Number"; Value = "-"; VariantName = "[No Variations]"
Add component (AddParameter): Name = "Supplier"; Value = "-"; VariantName = "[No Variations]"
Add component (AddParameter): Name = "Unit Price"; Value = "0.01"; VariantName = "[No Variations]"
Added Component: Designator=C?(SMD Keramikkondensator 0805)
Add component. Clean all parameters for all variants
Add component (AddParameter): Name = "Number"; Value = "-"; VariantName = "[No Variations]"
Add component (AddParameter): Name = "Supplier"; Value = "-"; VariantName = "[No Variations]"
Add component (AddParameter): Name = "Unit Price"; Value = "0.01"; VariantName = "[No Variations]"
Added Component: Designator=C?(SMD Keramikkondensator 0805)
Add component. Clean all parameters for all variants
Add component (AddParameter): Name = "Number"; Value = "-"; VariantName = "[No Variations]"
Add component (AddParameter): Name = "Supplier"; Value = "-"; VariantName = "[No Variations]"
Add component (AddParameter): Name = "Unit Price"; Value = "0.01"; VariantName = "[No Variations]"
Added Component: Designator=C?(SMD Keramikkondensator 0805)
Add component. Clean all parameters for all variants
Add component (AddParameter): Name = "Number"; Value = "-"; VariantName = "[No Variations]"
Add component (AddParameter): Name = "Supplier"; Value = "-"; VariantName = "[No Variations]"
Add component (AddParameter): Name = "Unit Price"; Value = "0.01"; VariantName = "[No Variations]"
Added Component: Designator=C?(SMD Keramikkondensator 0805)
Add component. Clean all parameters for all variants
Add component (AddParameter): Name = "Number"; Value = "-"; VariantName = "[No Variations]"
Add component (AddParameter): Name = "Supplier"; Value = "-"; VariantName = "[No Variations]"
Add component (AddParameter): Name = "Unit Price"; Value = "0.01"; VariantName = "[No Variations]"
Added Component: Designator=C?(SMD Keramikkondensator 0402)
Add component. Clean all parameters for all variants
Add component (AddParameter): Name = "Number"; Value = "-"; VariantName = "[No Variations]"
Add component (AddParameter): Name = "Supplier"; Value = "-"; VariantName = "[No Variations]"
Add component (AddParameter): Name = "Unit Price"; Value = "0.01"; VariantName = "[No Variations]"
Added Component: Designator=C?(SMD Keramikkondensator 0402)
Add component. Clean all parameters for all variants
Add component (AddParameter): Name = "Number"; Value = "-"; VariantName = "[No Variations]"
Add component (AddParameter): Name = "Supplier"; Value = "-"; VariantName = "[No Variations]"
Add component (AddParameter): Name = "Unit Price"; Value = "0.01"; VariantName = "[No Variations]"
Added Component: Designator=FL?(SMD Filter 2450LP14A100T)
Add component. Clean all parameters for all variants
Add component (AddParameter): Name = "ComponentLink1Description"; Value = "Datasheet"; VariantName = "[No Variations]"
Add component (AddParameter): Name = "ComponentLink1URL"; Value = "https://www.johansontechnology.com/datasheets/2450LP14A100/2450LP14A100.pdf"; VariantName = "[No Variations]"
Add component (AddParameter): Name = "Digikey"; Value = "712-1129-2-ND"; VariantName = "[No Variations]"
Added Component: Designator=L?(SMD Ferrite Bead 0402)
Add component. Clean all parameters for all variants
Added Component: Designator=Q?(SMD Crystal 3.2X2.5X0.8)
Add component. Clean all parameters for all variants
Add component (AddParameter): Name = "ComponentLink1Description"; Value = "Datasheet"; VariantName = "[No Variations]"
Add component (AddParameter): Name = "ComponentLink1URL"; Value = "https://www.diodes.com/assets/Datasheets/FL.pdf"; VariantName = "[No Variations]"
Added Component: Designator=U?(SMD IC QFN-24)
Add component. Clean all parameters for all variants
Add component (AddParameter): Name = "ComponentLink1Description"; Value = "Datasheet"; VariantName = "[No Variations]"
Add component (AddParameter): Name = "ComponentLink1URL"; Value = "https://media.digikey.com/pdf/Data%20Sheets/Semtech%20PDFs/SX1280-81_Rev3.2_Mar2020.pdf"; VariantName = "[No Variations]"
Add component (AddParameter): Name = "Digikey"; Value = "SX1280IMLTRTCT-ND"; VariantName = "[No Variations]"
Added Component: Designator=U?(SMD IC QFN-16)
Add component. Clean all parameters for all variants
Add component (AddParameter): Name = "ComponentLink1Description"; Value = "Datasheet"; VariantName = "[No Variations]"
Add component (AddParameter): Name = "ComponentLink1URL"; Value = "https://www.skyworksinc.com/-/media/SkyWorks/Documents/Products/2301-2400/RFX2401C_204359C.pdf"; VariantName = "[No Variations]"
Add component (AddParameter): Name = "Digikey"; Value = "863-1828-2-ND"; VariantName = "[No Variations]"
Added Component: Designator=U?(SMD NEO)
Add component. Clean all parameters for all variants
Add component (AddParameter): Name = "ComponentLink1Description"; Value = "Datasheet"; VariantName = "[No Variations]"
Add component (AddParameter): Name = "ComponentLink1URL"; Value = "https://www.u-blox.com/sites/default/files/NEO-M9N_Integrationmanual_%28UBX-19014286%29.pdf"; VariantName = "[No Variations]"
Add component (AddParameter): Name = "Digikey"; Value = "672-NEO-M9N-00BTR-ND"; VariantName = "[No Variations]"
Added Component: Designator=X?(THT Buchse SMA Female)
Add component. Clean all parameters for all variants
Add component (AddParameter): Name = "Digikey"; Value = "931-1361-ND"; VariantName = "[No Variations]"
Added Pin To Net: NetName=3V3 Pin=C?-2
Added Pin To Net: NetName=3V3 Pin=C?-2
Added Pin To Net: NetName=3V3 Pin=C?-2
Added Pin To Net: NetName=3V3 Pin=C?-2
Added Pin To Net: NetName=3V3 Pin=U?-6
Added Pin To Net: NetName=3V3 Pin=U?-11
Added Pin To Net: NetName=3V3 Pin=U?-15
Added Pin To Net: NetName=3V3 Pin=U?-16
Added Pin To Net: NetName=3V3 Pin=U?-22
Added Pin To Net: NetName=3V3 Pin=U?-23
Added Net: Name=3V3
Added Pin To Net: NetName=GND Pin=C?-1
Added Pin To Net: NetName=GND Pin=C?-1
Added Pin To Net: NetName=GND Pin=C?-1
Added Pin To Net: NetName=GND Pin=C?-1
Added Pin To Net: NetName=GND Pin=C?-1
Added Pin To Net: NetName=GND Pin=C?-1
Added Pin To Net: NetName=GND Pin=C?-1
Added Pin To Net: NetName=GND Pin=C?-1
Added Pin To Net: NetName=GND Pin=C?-1
Added Pin To Net: NetName=GND Pin=C?-1
Added Pin To Net: NetName=GND Pin=FL?-1
Added Pin To Net: NetName=GND Pin=FL?-3
Added Pin To Net: NetName=GND Pin=FL?-4
Added Pin To Net: NetName=GND Pin=FL?-6
Added Pin To Net: NetName=GND Pin=Q?-3
Added Pin To Net: NetName=GND Pin=Q?-3
Added Pin To Net: NetName=GND Pin=U?-0
Added Pin To Net: NetName=GND Pin=U?-0
Added Pin To Net: NetName=GND Pin=U?-1
Added Pin To Net: NetName=GND Pin=U?-2
Added Pin To Net: NetName=GND Pin=U?-3
Added Pin To Net: NetName=GND Pin=U?-5
Added Pin To Net: NetName=GND Pin=U?-7
Added Pin To Net: NetName=GND Pin=U?-7
Added Pin To Net: NetName=GND Pin=U?-8
Added Pin To Net: NetName=GND Pin=U?-9
Added Pin To Net: NetName=GND Pin=U?-10
Added Pin To Net: NetName=GND Pin=U?-11
Added Pin To Net: NetName=GND Pin=U?-12
Added Pin To Net: NetName=GND Pin=U?-12
Added Pin To Net: NetName=GND Pin=U?-13
Added Pin To Net: NetName=GND Pin=U?-13
Added Pin To Net: NetName=GND Pin=U?-15
Added Pin To Net: NetName=GND Pin=U?-20
Added Pin To Net: NetName=GND Pin=U?-21
Added Pin To Net: NetName=GND Pin=U?-23
Added Pin To Net: NetName=GND Pin=U?-24
Added Pin To Net: NetName=GND Pin=U?-24
Added Pin To Net: NetName=GND Pin=X?-2
Added Pin To Net: NetName=GND Pin=X?-2
Added Pin To Net: NetName=GND Pin=X?-2
Added Pin To Net: NetName=GND Pin=X?-2
Added Net: Name=GND
Added Pin To Net: NetName=NetANT?_1 Pin=ANT?-1
Added Pin To Net: NetName=NetANT?_1 Pin=C?-2
Added Pin To Net: NetName=NetANT?_1 Pin=L?-2
Added Net: Name=NetANT?_1
Added Pin To Net: NetName=NetC?_2 Pin=C?-2
Added Pin To Net: NetName=NetC?_2 Pin=L?-1
Added Pin To Net: NetName=NetC?_2 Pin=U?-11
Added Net: Name=NetC?_2
Added Pin To Net: NetName=NetFL?_5 Pin=FL?-5
Added Pin To Net: NetName=NetFL?_5 Pin=X?-1
Added Net: Name=NetFL?_5
Added Pin To Net: NetName=NetQ?_1 Pin=Q?-1
Added Pin To Net: NetName=NetQ?_1 Pin=U?-4
Added Net: Name=NetQ?_1
Added Pin To Net: NetName=NetQ?_2 Pin=Q?-2
Added Pin To Net: NetName=NetQ?_2 Pin=U?-6
Added Net: Name=NetQ?_2
Added Pin To Net: NetName=NetU?_4 Pin=U?-4
Added Pin To Net: NetName=NetU?_4 Pin=U?-22
Added Net: Name=NetU?_4
Added Pin To Net: NetName=NetU?_5 Pin=U?-5
Added Net: Name=NetU?_5
Added Pin To Net: NetName=NetU?_7 Pin=U?-7
Added Net: Name=NetU?_7
Added Pin To Net: NetName=NetU?_8 Pin=U?-8
Added Net: Name=NetU?_8
Added Pin To Net: NetName=NetU?_9 Pin=U?-9
Added Net: Name=NetU?_9
Added Pin To Net: NetName=NetU?_16 Pin=U?-16
Added Net: Name=NetU?_16
Added Pin To Net: NetName=NetU?_17 Pin=U?-17
Added Net: Name=NetU?_17
Added Pin To Net: NetName=NetU?_18 Pin=U?-18
Added Net: Name=NetU?_18
Added Pin To Net: NetName=NetU?_19 Pin=U?-19
Added Net: Name=NetU?_19
Added Class: Name=GNSS
Added Class: Name=RF-Frontend
Added Room: Name=GNSS
Added Room: Name=RF-Frontend
