Added Component: Designator=C?(SMD Keramikkondensator 0805)
Add component. Clean all parameters for all variants
Add component (AddParameter): Name = "Number"; Value = "-"; VariantName = "[No Variations]"
Add component (AddParameter): Name = "Supplier"; Value = "-"; VariantName = "[No Variations]"
Add component (AddParameter): Name = "Unit Price"; Value = "0.01"; VariantName = "[No Variations]"
Added Component: Designator=C?(SMD Keramikkondensator 0805)
Add component. Clean all parameters for all variants
Add component (AddParameter): Name = "Number"; Value = "-"; VariantName = "[No Variations]"
Add component (AddParameter): Name = "Supplier"; Value = "-"; VariantName = "[No Variations]"
Add component (AddParameter): Name = "Unit Price"; Value = "0.01"; VariantName = "[No Variations]"
Added Component: Designator=C?(SMD Keramikkondensator 0805)
Add component. Clean all parameters for all variants
Add component (AddParameter): Name = "Number"; Value = "-"; VariantName = "[No Variations]"
Add component (AddParameter): Name = "Supplier"; Value = "-"; VariantName = "[No Variations]"
Add component (AddParameter): Name = "Unit Price"; Value = "0.01"; VariantName = "[No Variations]"
Added Component: Designator=C?(SMD Keramikkondensator 0805)
Add component. Clean all parameters for all variants
Add component (AddParameter): Name = "Number"; Value = "-"; VariantName = "[No Variations]"
Add component (AddParameter): Name = "Supplier"; Value = "-"; VariantName = "[No Variations]"
Add component (AddParameter): Name = "Unit Price"; Value = "0.01"; VariantName = "[No Variations]"
Added Component: Designator=C?(SMD Keramikkondensator 0805)
Add component. Clean all parameters for all variants
Add component (AddParameter): Name = "Number"; Value = "-"; VariantName = "[No Variations]"
Add component (AddParameter): Name = "Supplier"; Value = "-"; VariantName = "[No Variations]"
Add component (AddParameter): Name = "Unit Price"; Value = "0.01"; VariantName = "[No Variations]"
Added Component: Designator=C?(SMD Keramikkondensator 0805)
Add component. Clean all parameters for all variants
Add component (AddParameter): Name = "Number"; Value = "-"; VariantName = "[No Variations]"
Add component (AddParameter): Name = "Supplier"; Value = "-"; VariantName = "[No Variations]"
Add component (AddParameter): Name = "Unit Price"; Value = "0.01"; VariantName = "[No Variations]"
Added Component: Designator=C?(SMD Keramikkondensator 0805)
Add component. Clean all parameters for all variants
Add component (AddParameter): Name = "Number"; Value = "-"; VariantName = "[No Variations]"
Add component (AddParameter): Name = "Supplier"; Value = "-"; VariantName = "[No Variations]"
Add component (AddParameter): Name = "Unit Price"; Value = "0.01"; VariantName = "[No Variations]"
Added Component: Designator=C?(SMD Keramikkondensator 0805)
Add component. Clean all parameters for all variants
Add component (AddParameter): Name = "Number"; Value = "-"; VariantName = "[No Variations]"
Add component (AddParameter): Name = "Supplier"; Value = "-"; VariantName = "[No Variations]"
Add component (AddParameter): Name = "Unit Price"; Value = "0.01"; VariantName = "[No Variations]"
Added Component: Designator=C?(SMD Keramikkondensator 0805)
Add component. Clean all parameters for all variants
Add component (AddParameter): Name = "Number"; Value = "-"; VariantName = "[No Variations]"
Add component (AddParameter): Name = "Supplier"; Value = "-"; VariantName = "[No Variations]"
Add component (AddParameter): Name = "Unit Price"; Value = "0.01"; VariantName = "[No Variations]"
Added Component: Designator=C?(SMD Keramikkondensator 0805)
Add component. Clean all parameters for all variants
Add component (AddParameter): Name = "Number"; Value = "-"; VariantName = "[No Variations]"
Add component (AddParameter): Name = "Supplier"; Value = "-"; VariantName = "[No Variations]"
Add component (AddParameter): Name = "Unit Price"; Value = "0.01"; VariantName = "[No Variations]"
Added Component: Designator=C?(SMD Keramikkondensator 0805)
Add component. Clean all parameters for all variants
Add component (AddParameter): Name = "Number"; Value = "-"; VariantName = "[No Variations]"
Add component (AddParameter): Name = "Supplier"; Value = "-"; VariantName = "[No Variations]"
Add component (AddParameter): Name = "Unit Price"; Value = "0.01"; VariantName = "[No Variations]"
Added Component: Designator=C?(SMD Keramikkondensator 0805)
Add component. Clean all parameters for all variants
Add component (AddParameter): Name = "Number"; Value = "-"; VariantName = "[No Variations]"
Add component (AddParameter): Name = "Supplier"; Value = "-"; VariantName = "[No Variations]"
Add component (AddParameter): Name = "Unit Price"; Value = "0.01"; VariantName = "[No Variations]"
Added Component: Designator=C?(SMD Keramikkondensator 0805)
Add component. Clean all parameters for all variants
Add component (AddParameter): Name = "Number"; Value = "-"; VariantName = "[No Variations]"
Add component (AddParameter): Name = "Supplier"; Value = "-"; VariantName = "[No Variations]"
Add component (AddParameter): Name = "Unit Price"; Value = "0.01"; VariantName = "[No Variations]"
Added Component: Designator=C?(SMD Keramikkondensator 0805)
Add component. Clean all parameters for all variants
Add component (AddParameter): Name = "Number"; Value = "-"; VariantName = "[No Variations]"
Add component (AddParameter): Name = "Supplier"; Value = "-"; VariantName = "[No Variations]"
Add component (AddParameter): Name = "Unit Price"; Value = "0.01"; VariantName = "[No Variations]"
Added Component: Designator=C?(SMD Keramikkondensator 0805)
Add component. Clean all parameters for all variants
Add component (AddParameter): Name = "Number"; Value = "-"; VariantName = "[No Variations]"
Add component (AddParameter): Name = "Supplier"; Value = "-"; VariantName = "[No Variations]"
Add component (AddParameter): Name = "Unit Price"; Value = "0.01"; VariantName = "[No Variations]"
Added Component: Designator=C?(SMD Keramikkondensator 0402)
Add component. Clean all parameters for all variants
Add component (AddParameter): Name = "Number"; Value = "-"; VariantName = "[No Variations]"
Add component (AddParameter): Name = "Supplier"; Value = "-"; VariantName = "[No Variations]"
Add component (AddParameter): Name = "Unit Price"; Value = "0.01"; VariantName = "[No Variations]"
Added Component: Designator=C?(SMD Keramikkondensator 0805)
Add component. Clean all parameters for all variants
Add component (AddParameter): Name = "Number"; Value = "-"; VariantName = "[No Variations]"
Add component (AddParameter): Name = "Supplier"; Value = "-"; VariantName = "[No Variations]"
Add component (AddParameter): Name = "Unit Price"; Value = "0.01"; VariantName = "[No Variations]"
Added Component: Designator=C?(SMD Keramikkondensator 0805)
Add component. Clean all parameters for all variants
Add component (AddParameter): Name = "Number"; Value = "-"; VariantName = "[No Variations]"
Add component (AddParameter): Name = "Supplier"; Value = "-"; VariantName = "[No Variations]"
Add component (AddParameter): Name = "Unit Price"; Value = "0.01"; VariantName = "[No Variations]"
Added Component: Designator=C?(SMD Keramikkondensator 0402)
Add component. Clean all parameters for all variants
Add component (AddParameter): Name = "Number"; Value = "-"; VariantName = "[No Variations]"
Add component (AddParameter): Name = "Supplier"; Value = "-"; VariantName = "[No Variations]"
Add component (AddParameter): Name = "Unit Price"; Value = "0.01"; VariantName = "[No Variations]"
Added Component: Designator=C?(SMD Keramikkondensator 0805)
Add component. Clean all parameters for all variants
Add component (AddParameter): Name = "Number"; Value = "-"; VariantName = "[No Variations]"
Add component (AddParameter): Name = "Supplier"; Value = "-"; VariantName = "[No Variations]"
Add component (AddParameter): Name = "Unit Price"; Value = "0.01"; VariantName = "[No Variations]"
Added Component: Designator=C?(SMD Keramikkondensator 0805)
Add component. Clean all parameters for all variants
Add component (AddParameter): Name = "Number"; Value = "-"; VariantName = "[No Variations]"
Add component (AddParameter): Name = "Supplier"; Value = "-"; VariantName = "[No Variations]"
Add component (AddParameter): Name = "Unit Price"; Value = "0.01"; VariantName = "[No Variations]"
Added Component: Designator=C?(SMD Keramikkondensator 0805)
Add component. Clean all parameters for all variants
Add component (AddParameter): Name = "Number"; Value = "-"; VariantName = "[No Variations]"
Add component (AddParameter): Name = "Supplier"; Value = "-"; VariantName = "[No Variations]"
Add component (AddParameter): Name = "Unit Price"; Value = "0.01"; VariantName = "[No Variations]"
Added Component: Designator=C?(SMD Keramikkondensator 0805)
Add component. Clean all parameters for all variants
Add component (AddParameter): Name = "Number"; Value = "-"; VariantName = "[No Variations]"
Add component (AddParameter): Name = "Supplier"; Value = "-"; VariantName = "[No Variations]"
Add component (AddParameter): Name = "Unit Price"; Value = "0.01"; VariantName = "[No Variations]"
Added Component: Designator=C?(SMD Keramikkondensator 0805)
Add component. Clean all parameters for all variants
Add component (AddParameter): Name = "Number"; Value = "-"; VariantName = "[No Variations]"
Add component (AddParameter): Name = "Supplier"; Value = "-"; VariantName = "[No Variations]"
Add component (AddParameter): Name = "Unit Price"; Value = "0.01"; VariantName = "[No Variations]"
Added Component: Designator=C?(SMD Keramikkondensator 0402)
Add component. Clean all parameters for all variants
Add component (AddParameter): Name = "Number"; Value = "-"; VariantName = "[No Variations]"
Add component (AddParameter): Name = "Supplier"; Value = "-"; VariantName = "[No Variations]"
Add component (AddParameter): Name = "Unit Price"; Value = "0.01"; VariantName = "[No Variations]"
Added Component: Designator=C?(SMD Keramikkondensator 0402)
Add component. Clean all parameters for all variants
Add component (AddParameter): Name = "Number"; Value = "-"; VariantName = "[No Variations]"
Add component (AddParameter): Name = "Supplier"; Value = "-"; VariantName = "[No Variations]"
Add component (AddParameter): Name = "Unit Price"; Value = "0.01"; VariantName = "[No Variations]"
Added Component: Designator=D?(SMD Diode SOD-123)
Add component. Clean all parameters for all variants
Add component (AddParameter): Name = "Digikey"; Value = "1727-5313-2-ND"; VariantName = "[No Variations]"
Added Component: Designator=FB?(SMD Ferrite Bead 0603)
Add component. Clean all parameters for all variants
Add component (AddParameter): Name = "ComponentLink1Description"; Value = "Datasheet"; VariantName = "[No Variations]"
Add component (AddParameter): Name = "ComponentLink1URL"; Value = "https://www.murata.com/en-us/products/productdata/8796738650142/ENFA0003.pdf"; VariantName = "[No Variations]"
Add component (AddParameter): Name = "Digikey"; Value = "490-17349-1-ND"; VariantName = "[No Variations]"
Added Component: Designator=FB?(SMD Ferrite Bead 0603)
Add component. Clean all parameters for all variants
Add component (AddParameter): Name = "ComponentLink1Description"; Value = "Datasheet"; VariantName = "[No Variations]"
Add component (AddParameter): Name = "ComponentLink1URL"; Value = "https://www.murata.com/en-us/products/productdata/8796738650142/ENFA0003.pdf"; VariantName = "[No Variations]"
Add component (AddParameter): Name = "Digikey"; Value = "490-17349-1-ND"; VariantName = "[No Variations]"
Added Component: Designator=FB?(SMD Ferrite Bead 0603)
Add component. Clean all parameters for all variants
Add component (AddParameter): Name = "ComponentLink1Description"; Value = "Datasheet"; VariantName = "[No Variations]"
Add component (AddParameter): Name = "ComponentLink1URL"; Value = "https://www.murata.com/en-us/products/productdata/8796738650142/ENFA0003.pdf"; VariantName = "[No Variations]"
Add component (AddParameter): Name = "Digikey"; Value = "490-17349-1-ND"; VariantName = "[No Variations]"
Added Component: Designator=FL?(SMD Filter 2450LP14A100T)
Add component. Clean all parameters for all variants
Add component (AddParameter): Name = "ComponentLink1Description"; Value = "Datasheet"; VariantName = "[No Variations]"
Add component (AddParameter): Name = "ComponentLink1URL"; Value = "https://www.johansontechnology.com/datasheets/2450LP14A100/2450LP14A100.pdf"; VariantName = "[No Variations]"
Add component (AddParameter): Name = "Digikey"; Value = "712-1129-2-ND"; VariantName = "[No Variations]"
Added Component: Designator=L?(SMD Ferrite Bead 0402)
Add component. Clean all parameters for all variants
Added Component: Designator=L?(SMD Ferrite Bead 0402)
Add component. Clean all parameters for all variants
Added Component: Designator=P?(SMD LED 0603)
Add component. Clean all parameters for all variants
Added Component: Designator=Q?(SMD Crystal 3.2X2.5X0.8)
Add component. Clean all parameters for all variants
Add component (AddParameter): Name = "ComponentLink1Description"; Value = "Datasheet"; VariantName = "[No Variations]"
Add component (AddParameter): Name = "ComponentLink1URL"; Value = "https://www.diodes.com/assets/Datasheets/FL.pdf"; VariantName = "[No Variations]"
Added Component: Designator=R?(SMD Widerstand 0603)
Add component. Clean all parameters for all variants
Add component (AddParameter): Name = "Number"; Value = "-"; VariantName = "[No Variations]"
Add component (AddParameter): Name = "Supplier"; Value = "-"; VariantName = "[No Variations]"
Add component (AddParameter): Name = "Unit Price"; Value = "0.01"; VariantName = "[No Variations]"
Added Component: Designator=U?(SMD IC SOT-23)
Add component. Clean all parameters for all variants
Add component (AddParameter): Name = "ComponentLink1Description"; Value = "Datasheet"; VariantName = "[No Variations]"
Add component (AddParameter): Name = "ComponentLink1URL"; Value = "https://www.ti.com/lit/ds/symlink/tmp236.pdf?HQS=dis-dk-null-digikeymode-dsf-pf-null-wwe&ts=1624574807670&ref_url=https%253A%252F%252Fwww.digikey.ch%252F"; VariantName = "[No Variations]"
Add component (AddParameter): Name = "Digikey"; Value = "296-TMP236A4DBZRCT-ND"; VariantName = "[No Variations]"
Added Component: Designator=U?(SMD IC 28-MCM)
Add component. Clean all parameters for all variants
Add component (AddParameter): Name = "ComponentLink1Description"; Value = "Datasheet"; VariantName = "[No Variations]"
Add component (AddParameter): Name = "ComponentLink1URL"; Value = "https://www.skyworksinc.com/-/media/SkyWorks/Documents/Products/2901-3000/SKY65383-11_202668G.pdf"; VariantName = "[No Variations]"
Add component (AddParameter): Name = "Digikey"; Value = "863-1798-1-ND"; VariantName = "[No Variations]"
Added Component: Designator=U?(SMD IC SOT-23-5)
Add component. Clean all parameters for all variants
Add component (AddParameter): Name = "ComponentLink1Description"; Value = "Datasheet"; VariantName = "[No Variations]"
Add component (AddParameter): Name = "ComponentLink1URL"; Value = "https://media.digikey.com/pdf/Data%20Sheets/Texas%20Instruments%20PDFs/TPS793_Rev2015.pdf"; VariantName = "[No Variations]"
Add component (AddParameter): Name = "Digikey"; Value = "296-12157-1-ND"; VariantName = "[No Variations]"
Added Component: Designator=U?(SMD IC SOT-353 (SC-70-5))
Add component. Clean all parameters for all variants
Add component (AddParameter): Name = "ComponentLink1Description"; Value = "Datasheet"; VariantName = "[No Variations]"
Add component (AddParameter): Name = "ComponentLink1URL"; Value = "https://rocelec.widen.net/view/pdf/vg5irfcitj/ONSM-S-A0003590433-1.pdf?t.download=true&u=5oefqw"; VariantName = "[No Variations]"
Added Component: Designator=U?(SMD IC QFN-24)
Add component. Clean all parameters for all variants
Add component (AddParameter): Name = "ComponentLink1Description"; Value = "Datasheet"; VariantName = "[No Variations]"
Add component (AddParameter): Name = "ComponentLink1URL"; Value = "https://media.digikey.com/pdf/Data%20Sheets/Semtech%20PDFs/SX1280-81_Rev3.2_Mar2020.pdf"; VariantName = "[No Variations]"
Add component (AddParameter): Name = "Digikey"; Value = "SX1280IMLTRTCT-ND"; VariantName = "[No Variations]"
Added Component: Designator=U?(SMD IC SOT-223-3)
Add component. Clean all parameters for all variants
Add component (AddParameter): Name = "ComponentLink1Description"; Value = "Datasheet"; VariantName = "[No Variations]"
Add component (AddParameter): Name = "ComponentLink1URL"; Value = "https://ww1.microchip.com/downloads/en/DeviceDoc/20005834A.pdf"; VariantName = "[No Variations]"
Add component (AddParameter): Name = "Digikey"; Value = "MIC39100-3.3WS-TR-ND"; VariantName = "[No Variations]"
Added Component: Designator=U?(SMD IC SOT-23-5)
Add component. Clean all parameters for all variants
Add component (AddParameter): Name = "ComponentLink1Description"; Value = "Datasheet"; VariantName = "[No Variations]"
Add component (AddParameter): Name = "ComponentLink1URL"; Value = "https://datasheet.lcsc.com/szlcsc/1809201520_Torex-Semicon-XC6219A332MR_C58229.pdf"; VariantName = "[No Variations]"
Add component (AddParameter): Name = "Digikey"; Value = "893-1167-1-ND"; VariantName = "[No Variations]"
Added Component: Designator=U?(SMD NEO)
Add component. Clean all parameters for all variants
Add component (AddParameter): Name = "ComponentLink1Description"; Value = "Datasheet"; VariantName = "[No Variations]"
Add component (AddParameter): Name = "ComponentLink1URL"; Value = "https://www.u-blox.com/sites/default/files/NEO-M9N_Integrationmanual_%28UBX-19014286%29.pdf"; VariantName = "[No Variations]"
Add component (AddParameter): Name = "Digikey"; Value = "672-NEO-M9N-00BTR-ND"; VariantName = "[No Variations]"
Added Pin To Net: NetName=GND Pin=C?-1
Added Pin To Net: NetName=GND Pin=C?-1
Added Pin To Net: NetName=GND Pin=C?-1
Added Pin To Net: NetName=GND Pin=C?-1
Added Pin To Net: NetName=GND Pin=C?-1
Added Pin To Net: NetName=GND Pin=C?-1
Added Pin To Net: NetName=GND Pin=C?-1
Added Pin To Net: NetName=GND Pin=C?-1
Added Pin To Net: NetName=GND Pin=C?-1
Added Pin To Net: NetName=GND Pin=C?-1
Added Pin To Net: NetName=GND Pin=C?-1
Added Pin To Net: NetName=GND Pin=C?-1
Added Pin To Net: NetName=GND Pin=C?-1
Added Pin To Net: NetName=GND Pin=C?-1
Added Pin To Net: NetName=GND Pin=C?-1
Added Pin To Net: NetName=GND Pin=C?-1
Added Pin To Net: NetName=GND Pin=C?-1
Added Pin To Net: NetName=GND Pin=C?-1
Added Pin To Net: NetName=GND Pin=C?-1
Added Pin To Net: NetName=GND Pin=C?-1
Added Pin To Net: NetName=GND Pin=C?-1
Added Pin To Net: NetName=GND Pin=C?-1
Added Pin To Net: NetName=GND Pin=C?-1
Added Pin To Net: NetName=GND Pin=C?-1
Added Pin To Net: NetName=GND Pin=C?-1
Added Pin To Net: NetName=GND Pin=C?-1
Added Pin To Net: NetName=3V3 Pin=C?-2
Added Pin To Net: NetName=3V3 Pin=C?-2
Added Pin To Net: NetName=3V3 Pin=C?-2
Added Pin To Net: NetName=3V3 Pin=C?-2
Added Pin To Net: NetName=NetANT?_1 Pin=C?-2
Added Pin To Net: NetName=NetC?_2 Pin=C?-2
Added Pin To Net: NetName=GND Pin=FL?-1
Added Pin To Net: NetName=GND Pin=FL?-3
Added Pin To Net: NetName=GND Pin=FL?-4
Added Pin To Net: NetName=NetFL?_5 Pin=FL?-5
Added Pin To Net: NetName=GND Pin=FL?-6
Added Pin To Net: NetName=NetANT?_1 Pin=L?-2
Added Pin To Net: NetName=GND Pin=P?-K
Added Pin To Net: NetName=NetQ?_1 Pin=Q?-1
Added Pin To Net: NetName=NetQ?_2 Pin=Q?-2
Added Pin To Net: NetName=GND Pin=Q?-3
Added Pin To Net: NetName=GND Pin=Q?-3
Added Pin To Net: NetName=GND Pin=U?-0
Added Pin To Net: NetName=GND Pin=U?-0
Added Pin To Net: NetName=3V3 Pin=U?-1
Added Pin To Net: NetName=GND Pin=U?-2
Added Pin To Net: NetName=GND Pin=U?-2
Added Pin To Net: NetName=GND Pin=U?-2
Added Pin To Net: NetName=GND Pin=U?-2
Added Pin To Net: NetName=GND Pin=U?-3
Added Pin To Net: NetName=GND Pin=U?-3
Added Pin To Net: NetName=GND Pin=U?-4
Added Pin To Net: NetName=NetC?_2 Pin=U?-4
Added Pin To Net: NetName=NetQ?_1 Pin=U?-4
Added Pin To Net: NetName=3V3 Pin=U?-5
Added Pin To Net: NetName=3V3 Pin=U?-5
Added Pin To Net: NetName=GND Pin=U?-5
Added Pin To Net: NetName=NetU?_5 Pin=U?-5
Added Pin To Net: NetName=GND Pin=U?-6
Added Pin To Net: NetName=NetQ?_2 Pin=U?-6
Added Pin To Net: NetName=GND Pin=U?-7
Added Pin To Net: NetName=GND Pin=U?-7
Added Pin To Net: NetName=NetU?_7 Pin=U?-7
Added Pin To Net: NetName=NetU?_8 Pin=U?-8
Added Pin To Net: NetName=GND Pin=U?-9
Added Pin To Net: NetName=NetU?_9 Pin=U?-9
Added Pin To Net: NetName=GND Pin=U?-10
Added Pin To Net: NetName=GND Pin=U?-10
Added Pin To Net: NetName=3V3 Pin=U?-11
Added Pin To Net: NetName=GND Pin=U?-11
Added Pin To Net: NetName=GND Pin=U?-12
Added Pin To Net: NetName=GND Pin=U?-12
Added Pin To Net: NetName=GND Pin=U?-13
Added Pin To Net: NetName=GND Pin=U?-13
Added Pin To Net: NetName=GND Pin=U?-13
Added Pin To Net: NetName=GND Pin=U?-14
Added Pin To Net: NetName=GND Pin=U?-16
Added Pin To Net: NetName=NetU?_16 Pin=U?-16
Added Pin To Net: NetName=GND Pin=U?-17
Added Pin To Net: NetName=NetU?_17 Pin=U?-17
Added Pin To Net: NetName=GND Pin=U?-18
Added Pin To Net: NetName=NetU?_18 Pin=U?-18
Added Pin To Net: NetName=GND Pin=U?-19
Added Pin To Net: NetName=NetU?_19 Pin=U?-19
Added Pin To Net: NetName=GND Pin=U?-20
Added Pin To Net: NetName=GND Pin=U?-20
Added Pin To Net: NetName=GND Pin=U?-21
Added Pin To Net: NetName=GND Pin=U?-21
Added Pin To Net: NetName=GND Pin=U?-23
Added Pin To Net: NetName=GND Pin=U?-23
Added Pin To Net: NetName=GND Pin=U?-24
Added Pin To Net: NetName=GND Pin=U?-24
Added Pin To Net: NetName=GND Pin=U?-24
Added Pin To Net: NetName=GND Pin=U?-25
Added Pin To Net: NetName=2V85 Pin=C?-2
Added Pin To Net: NetName=2V85 Pin=C?-2
Added Pin To Net: NetName=2V85 Pin=C?-2
Added Pin To Net: NetName=2V85 Pin=U?-5
Added Pin To Net: NetName=2V85 Pin=U?-27
Added Pin To Net: NetName=2V85 Pin=U?-28
Added Net: Name=2V85
Added Pin To Net: NetName=3V3A Pin=C?-2
Added Pin To Net: NetName=3V3A Pin=C?-2
Added Pin To Net: NetName=3V3A Pin=FB?-2
Added Pin To Net: NetName=3V3A Pin=FB?-2
Added Pin To Net: NetName=3V3A Pin=FB?-2
Added Pin To Net: NetName=3V3A Pin=U?-1
Added Pin To Net: NetName=3V3A Pin=U?-3
Added Net: Name=3V3A
Added Pin To Net: NetName=5V Pin=D?-A
Added Net: Name=5V
Added Pin To Net: NetName=NetFB?_1 Pin=FB?-1
Added Pin To Net: NetName=NetFB?_1 Pin=U?-22
Added Pin To Net: NetName=NetFB?_1 Pin=U?-23
Added Net: Name=NetFB?_1
Added Pin To Net: NetName=NetFL?_2 Pin=FL?-2
Added Pin To Net: NetName=NetFL?_2 Pin=U?-15
Added Net: Name=NetFL?_2
Added Pin To Net: NetName=NetP?_A Pin=P?-A
Added Pin To Net: NetName=NetP?_A Pin=R?-1
Added Net: Name=NetP?_A
Added Pin To Net: NetName=NetR?_2 Pin=R?-2
Added Pin To Net: NetName=NetR?_2 Pin=U?-3
Added Net: Name=NetR?_2
Added Pin To Net: NetName=NetU?_1 Pin=U?-1
Added Net: Name=NetU?_1
Added Pin To Net: NetName=NetU?_2 Pin=U?-2
Added Net: Name=NetU?_2
Added Pin To Net: NetName=NetU?_3 Pin=U?-3
Added Pin To Net: NetName=NetU?_3 Pin=U?-4
Added Net: Name=NetU?_3
Added Pin To Net: NetName=NetU?_20 Pin=U?-20
Added Net: Name=NetU?_20
Added Pin To Net: NetName=NetU?_21 Pin=U?-21
Added Net: Name=NetU?_21
Added Class: Name=PM
Added Class: Name=Radio
Added Member To Class: ClassName=GNSS Member=Component C? TBD
Added Member To Class: ClassName=GNSS Member=Component C? TBD
Added Member To Class: ClassName=RF-Frontend Member=Component C? 100nF
Added Member To Class: ClassName=RF-Frontend Member=Component C? 100nF
Added Member To Class: ClassName=RF-Frontend Member=Component C? 100nF
Added Member To Class: ClassName=RF-Frontend Member=Component C? 100nF
Added Member To Class: ClassName=RF-Frontend Member=Component C? 10nF
Added Member To Class: ClassName=RF-Frontend Member=Component C? 100nF
Added Member To Class: ClassName=RF-Frontend Member=Component C? 100nF
Added Member To Class: ClassName=RF-Frontend Member=Component C? 10pF
Added Member To Class: ClassName=RF-Frontend Member=Component C? 10pF
Added Member To Class: ClassName=RF-Frontend Member=Component C? 100nF
Added Member To Class: ClassName=RF-Frontend Member=Component C? 10uF
Added Member To Class: ClassName=RF-Frontend Member=Component C? 10pF
Added Member To Class: ClassName=GNSS Member=Component FB? BLM18KG102SN1D
Added Member To Class: ClassName=RF-Frontend Member=Component FB? BLM18KG102SN1D
Added Member To Class: ClassName=RF-Frontend Member=Component FL? 2450LP14A100T
Added Member To Class: ClassName=GNSS Member=Component L? TBD
Added Member To Class: ClassName=GNSS Member=Component P? LED
Added Member To Class: ClassName=GNSS Member=Component R? 1.0k
Added Member To Class: ClassName=GNSS Member=Component U? NEO-M9N
Added Member To Class: ClassName=RF-Frontend Member=Component U? TMP236
Added Member To Class: ClassName=RF-Frontend Member=Component U? SKY65383-11
Added Member To Class: ClassName=RF-Frontend Member=Component U? TPS793285DBVR
Added Member To Class: ClassName=RF-Frontend Member=Component U? NC7SZ04P5X
Added Room: Name=GNSS
Added Room: Name=PM
Added Room: Name=Radio
Added Room: Name=RF-Frontend
Added Rule: Name=Schematic Impedance Constraint
Added Rule: Name=Schematic Impedance Constraint_1
Added Rule: Name=Schematic Impedance Constraint_2
Added Rule: Name=Schematic Impedance Constraint_3
Added Rule: Name=Schematic Impedance Constraint_4
