Removed Pin From Net: NetName=GND Pin=C?-1
Removed Pin From Net: NetName=5V Pin=D?-A
Removed Pin From Net: NetName=3V3A Pin=FB?-2
Removed Pin From Net: NetName=GND Pin=FL?-1
Removed Pin From Net: NetName=GND Pin=FL?-3
Removed Pin From Net: NetName=GND Pin=FL?-4
Removed Pin From Net: NetName=GND Pin=FL?-6
Removed Pin From Net: NetName=GND Pin=P?-K
Removed Pin From Net: NetName=GND Pin=Q?-3
Removed Pin From Net: NetName=GND Pin=Q?-3
Removed Pin From Net: NetName=GND Pin=U?-7
Removed Pin From Net: NetName=GND Pin=U?-10
Removed Pin From Net: NetName=GND Pin=U?-12
Removed Pin From Net: NetName=GND Pin=U?-13
Removed Pin From Net: NetName=GND Pin=U?-24
Removed Pin From Net: NetName=GND Pin=X?-2
Removed Pin From Net: NetName=GND Pin=X?-2
Removed Pin From Net: NetName=GND Pin=X?-2
Removed Pin From Net: NetName=GND Pin=X?-2
Added Component: Designator=ANT1(THT Antenna ANT-GNSSCP-TH25L1)
Add component. Clean all parameters for all variants
Add component (AddParameter): Name = "ComponentLink1Description"; Value = "Datasheet"; VariantName = "[No Variations]"
Add component (AddParameter): Name = "ComponentLink1URL"; Value = "https://linxtechnologies.com/wp/wp-content/uploads/ant-gnsscp-th25l1-ds.pdf"; VariantName = "[No Variations]"
Added Component: Designator=C1(SMD Keramikkondensator 0603)
Add component. Clean all parameters for all variants
Add component (AddParameter): Name = "Number"; Value = "-"; VariantName = "[No Variations]"
Add component (AddParameter): Name = "Supplier"; Value = "-"; VariantName = "[No Variations]"
Add component (AddParameter): Name = "Unit Price"; Value = "0.01"; VariantName = "[No Variations]"
Added Component: Designator=C2(SMD Keramikkondensator 0603)
Add component. Clean all parameters for all variants
Add component (AddParameter): Name = "Number"; Value = "-"; VariantName = "[No Variations]"
Add component (AddParameter): Name = "Supplier"; Value = "-"; VariantName = "[No Variations]"
Add component (AddParameter): Name = "Unit Price"; Value = "0.01"; VariantName = "[No Variations]"
Added Component: Designator=C3(SMD Keramikkondensator 0603)
Add component. Clean all parameters for all variants
Add component (AddParameter): Name = "Number"; Value = "-"; VariantName = "[No Variations]"
Add component (AddParameter): Name = "Supplier"; Value = "-"; VariantName = "[No Variations]"
Add component (AddParameter): Name = "Unit Price"; Value = "0.01"; VariantName = "[No Variations]"
Added Component: Designator=C4(SMD Keramikkondensator 0603)
Add component. Clean all parameters for all variants
Add component (AddParameter): Name = "Number"; Value = "-"; VariantName = "[No Variations]"
Add component (AddParameter): Name = "Supplier"; Value = "-"; VariantName = "[No Variations]"
Add component (AddParameter): Name = "Unit Price"; Value = "0.01"; VariantName = "[No Variations]"
Added Component: Designator=C5(SMD Keramikkondensator 0603)
Add component. Clean all parameters for all variants
Add component (AddParameter): Name = "Number"; Value = "-"; VariantName = "[No Variations]"
Add component (AddParameter): Name = "Supplier"; Value = "-"; VariantName = "[No Variations]"
Add component (AddParameter): Name = "Unit Price"; Value = "0.01"; VariantName = "[No Variations]"
Added Component: Designator=C6(SMD Keramikkondensator 0603)
Add component. Clean all parameters for all variants
Add component (AddParameter): Name = "Number"; Value = "-"; VariantName = "[No Variations]"
Add component (AddParameter): Name = "Supplier"; Value = "-"; VariantName = "[No Variations]"
Add component (AddParameter): Name = "Unit Price"; Value = "0.01"; VariantName = "[No Variations]"
Added Component: Designator=C7(SMD Keramikkondensator 0603)
Add component. Clean all parameters for all variants
Add component (AddParameter): Name = "Number"; Value = "-"; VariantName = "[No Variations]"
Add component (AddParameter): Name = "Supplier"; Value = "-"; VariantName = "[No Variations]"
Add component (AddParameter): Name = "Unit Price"; Value = "0.01"; VariantName = "[No Variations]"
Added Component: Designator=C8(SMD Keramikkondensator 0603)
Add component. Clean all parameters for all variants
Add component (AddParameter): Name = "Number"; Value = "-"; VariantName = "[No Variations]"
Add component (AddParameter): Name = "Supplier"; Value = "-"; VariantName = "[No Variations]"
Add component (AddParameter): Name = "Unit Price"; Value = "0.01"; VariantName = "[No Variations]"
Added Component: Designator=C9(SMD Keramikkondensator 0603)
Add component. Clean all parameters for all variants
Add component (AddParameter): Name = "Number"; Value = "-"; VariantName = "[No Variations]"
Add component (AddParameter): Name = "Supplier"; Value = "-"; VariantName = "[No Variations]"
Add component (AddParameter): Name = "Unit Price"; Value = "0.01"; VariantName = "[No Variations]"
Added Component: Designator=C10(SMD Keramikkondensator 0603)
Add component. Clean all parameters for all variants
Add component (AddParameter): Name = "Number"; Value = "-"; VariantName = "[No Variations]"
Add component (AddParameter): Name = "Supplier"; Value = "-"; VariantName = "[No Variations]"
Add component (AddParameter): Name = "Unit Price"; Value = "0.01"; VariantName = "[No Variations]"
Added Component: Designator=C11(SMD Keramikkondensator 0603)
Add component. Clean all parameters for all variants
Add component (AddParameter): Name = "Number"; Value = "-"; VariantName = "[No Variations]"
Add component (AddParameter): Name = "Supplier"; Value = "-"; VariantName = "[No Variations]"
Add component (AddParameter): Name = "Unit Price"; Value = "0.01"; VariantName = "[No Variations]"
Added Component: Designator=C12(SMD Keramikkondensator 0603)
Add component. Clean all parameters for all variants
Add component (AddParameter): Name = "Number"; Value = "-"; VariantName = "[No Variations]"
Add component (AddParameter): Name = "Supplier"; Value = "-"; VariantName = "[No Variations]"
Add component (AddParameter): Name = "Unit Price"; Value = "0.01"; VariantName = "[No Variations]"
Added Component: Designator=C13(SMD Keramikkondensator 0402)
Add component. Clean all parameters for all variants
Add component (AddParameter): Name = "Number"; Value = "-"; VariantName = "[No Variations]"
Add component (AddParameter): Name = "Supplier"; Value = "-"; VariantName = "[No Variations]"
Add component (AddParameter): Name = "Unit Price"; Value = "0.01"; VariantName = "[No Variations]"
Added Component: Designator=C14(SMD Keramikkondensator 0402)
Add component. Clean all parameters for all variants
Add component (AddParameter): Name = "Number"; Value = "-"; VariantName = "[No Variations]"
Add component (AddParameter): Name = "Supplier"; Value = "-"; VariantName = "[No Variations]"
Add component (AddParameter): Name = "Unit Price"; Value = "0.01"; VariantName = "[No Variations]"
Added Component: Designator=C15(SMD Keramikkondensator 0805)
Add component. Clean all parameters for all variants
Add component (AddParameter): Name = "Number"; Value = "-"; VariantName = "[No Variations]"
Add component (AddParameter): Name = "Supplier"; Value = "-"; VariantName = "[No Variations]"
Add component (AddParameter): Name = "Unit Price"; Value = "0.01"; VariantName = "[No Variations]"
Added Component: Designator=C16(SMD Keramikkondensator 0805)
Add component. Clean all parameters for all variants
Add component (AddParameter): Name = "Number"; Value = "-"; VariantName = "[No Variations]"
Add component (AddParameter): Name = "Supplier"; Value = "-"; VariantName = "[No Variations]"
Add component (AddParameter): Name = "Unit Price"; Value = "0.01"; VariantName = "[No Variations]"
Added Component: Designator=C17(SMD Keramikkondensator 0805)
Add component. Clean all parameters for all variants
Add component (AddParameter): Name = "Number"; Value = "-"; VariantName = "[No Variations]"
Add component (AddParameter): Name = "Supplier"; Value = "-"; VariantName = "[No Variations]"
Add component (AddParameter): Name = "Unit Price"; Value = "0.01"; VariantName = "[No Variations]"
Added Component: Designator=C18(SMD Keramikkondensator 0805)
Add component. Clean all parameters for all variants
Add component (AddParameter): Name = "Number"; Value = "-"; VariantName = "[No Variations]"
Add component (AddParameter): Name = "Supplier"; Value = "-"; VariantName = "[No Variations]"
Add component (AddParameter): Name = "Unit Price"; Value = "0.01"; VariantName = "[No Variations]"
Added Component: Designator=C19(SMD Keramikkondensator 0805)
Add component. Clean all parameters for all variants
Add component (AddParameter): Name = "Number"; Value = "-"; VariantName = "[No Variations]"
Add component (AddParameter): Name = "Supplier"; Value = "-"; VariantName = "[No Variations]"
Add component (AddParameter): Name = "Unit Price"; Value = "0.01"; VariantName = "[No Variations]"
Added Component: Designator=C20(SMD Keramikkondensator 0402)
Add component. Clean all parameters for all variants
Add component (AddParameter): Name = "Number"; Value = "-"; VariantName = "[No Variations]"
Add component (AddParameter): Name = "Supplier"; Value = "-"; VariantName = "[No Variations]"
Add component (AddParameter): Name = "Unit Price"; Value = "0.01"; VariantName = "[No Variations]"
Added Component: Designator=C21(SMD Keramikkondensator 0402)
Add component. Clean all parameters for all variants
Add component (AddParameter): Name = "Number"; Value = "-"; VariantName = "[No Variations]"
Add component (AddParameter): Name = "Supplier"; Value = "-"; VariantName = "[No Variations]"
Add component (AddParameter): Name = "Unit Price"; Value = "0.01"; VariantName = "[No Variations]"
Added Component: Designator=C22(SMD Keramikkondensator 0603)
Add component. Clean all parameters for all variants
Add component (AddParameter): Name = "Number"; Value = "-"; VariantName = "[No Variations]"
Add component (AddParameter): Name = "Supplier"; Value = "-"; VariantName = "[No Variations]"
Add component (AddParameter): Name = "Unit Price"; Value = "0.01"; VariantName = "[No Variations]"
Added Component: Designator=C23(SMD Keramikkondensator 0603)
Add component. Clean all parameters for all variants
Add component (AddParameter): Name = "Number"; Value = "-"; VariantName = "[No Variations]"
Add component (AddParameter): Name = "Supplier"; Value = "-"; VariantName = "[No Variations]"
Add component (AddParameter): Name = "Unit Price"; Value = "0.01"; VariantName = "[No Variations]"
Added Component: Designator=C24(SMD Keramikkondensator 0603)
Add component. Clean all parameters for all variants
Add component (AddParameter): Name = "Number"; Value = "-"; VariantName = "[No Variations]"
Add component (AddParameter): Name = "Supplier"; Value = "-"; VariantName = "[No Variations]"
Add component (AddParameter): Name = "Unit Price"; Value = "0.01"; VariantName = "[No Variations]"
Added Component: Designator=C25(SMD Keramikkondensator 0603)
Add component. Clean all parameters for all variants
Add component (AddParameter): Name = "Number"; Value = "-"; VariantName = "[No Variations]"
Add component (AddParameter): Name = "Supplier"; Value = "-"; VariantName = "[No Variations]"
Add component (AddParameter): Name = "Unit Price"; Value = "0.01"; VariantName = "[No Variations]"
Added Component: Designator=C26(SMD Keramikkondensator 0603)
Add component. Clean all parameters for all variants
Add component (AddParameter): Name = "Number"; Value = "-"; VariantName = "[No Variations]"
Add component (AddParameter): Name = "Supplier"; Value = "-"; VariantName = "[No Variations]"
Add component (AddParameter): Name = "Unit Price"; Value = "0.01"; VariantName = "[No Variations]"
Added Component: Designator=D1(SMD Diode SOD-123)
Add component. Clean all parameters for all variants
Add component (AddParameter): Name = "Digikey"; Value = "1727-5313-2-ND"; VariantName = "[No Variations]"
Added Component: Designator=FB1(SMD Ferrite Bead 0603)
Add component. Clean all parameters for all variants
Add component (AddParameter): Name = "ComponentLink1Description"; Value = "Datasheet"; VariantName = "[No Variations]"
Add component (AddParameter): Name = "ComponentLink1URL"; Value = "https://www.murata.com/en-us/products/productdata/8796738650142/ENFA0003.pdf"; VariantName = "[No Variations]"
Add component (AddParameter): Name = "Digikey"; Value = "490-17349-1-ND"; VariantName = "[No Variations]"
Added Component: Designator=FB2(SMD Ferrite Bead 0603)
Add component. Clean all parameters for all variants
Add component (AddParameter): Name = "ComponentLink1Description"; Value = "Datasheet"; VariantName = "[No Variations]"
Add component (AddParameter): Name = "ComponentLink1URL"; Value = "https://www.murata.com/en-us/products/productdata/8796738650142/ENFA0003.pdf"; VariantName = "[No Variations]"
Add component (AddParameter): Name = "Digikey"; Value = "490-17349-1-ND"; VariantName = "[No Variations]"
Added Component: Designator=FB3(SMD Ferrite Bead 0603)
Add component. Clean all parameters for all variants
Add component (AddParameter): Name = "ComponentLink1Description"; Value = "Datasheet"; VariantName = "[No Variations]"
Add component (AddParameter): Name = "ComponentLink1URL"; Value = "https://www.murata.com/en-us/products/productdata/8796738650142/ENFA0003.pdf"; VariantName = "[No Variations]"
Add component (AddParameter): Name = "Digikey"; Value = "490-17349-1-ND"; VariantName = "[No Variations]"
Added Component: Designator=FL1(SMD Filter 2450LP14A100T)
Add component. Clean all parameters for all variants
Add component (AddParameter): Name = "ComponentLink1Description"; Value = "Datasheet"; VariantName = "[No Variations]"
Add component (AddParameter): Name = "ComponentLink1URL"; Value = "https://www.johansontechnology.com/datasheets/2450LP14A100/2450LP14A100.pdf"; VariantName = "[No Variations]"
Add component (AddParameter): Name = "Digikey"; Value = "712-1129-2-ND"; VariantName = "[No Variations]"
Added Component: Designator=L1(SMD Ferrite Bead 0402)
Add component. Clean all parameters for all variants
Added Component: Designator=L2(SMD Ferrite Bead 0402)
Add component. Clean all parameters for all variants
Added Component: Designator=P1(SMD LED 0603)
Add component. Clean all parameters for all variants
Added Component: Designator=Q1(SMD Crystal 3.2X2.5X0.8)
Add component. Clean all parameters for all variants
Add component (AddParameter): Name = "ComponentLink1Description"; Value = "Datasheet"; VariantName = "[No Variations]"
Add component (AddParameter): Name = "ComponentLink1URL"; Value = "https://www.diodes.com/assets/Datasheets/FL.pdf"; VariantName = "[No Variations]"
Added Component: Designator=R1(SMD Widerstand 0603)
Add component. Clean all parameters for all variants
Add component (AddParameter): Name = "Number"; Value = "-"; VariantName = "[No Variations]"
Add component (AddParameter): Name = "Supplier"; Value = "-"; VariantName = "[No Variations]"
Add component (AddParameter): Name = "Unit Price"; Value = "0.01"; VariantName = "[No Variations]"
Added Component: Designator=SH1(SMD Shield 36903205S)
Add component. Clean all parameters for all variants
Added Component: Designator=U1(SMD IC SOT-23-5)
Add component. Clean all parameters for all variants
Add component (AddParameter): Name = "ComponentLink1Description"; Value = "Datasheet"; VariantName = "[No Variations]"
Add component (AddParameter): Name = "ComponentLink1URL"; Value = "https://media.digikey.com/pdf/Data%20Sheets/Texas%20Instruments%20PDFs/TPS793_Rev2015.pdf"; VariantName = "[No Variations]"
Add component (AddParameter): Name = "Digikey"; Value = "296-12157-1-ND"; VariantName = "[No Variations]"
Added Component: Designator=U2(SMD IC SOT-23)
Add component. Clean all parameters for all variants
Add component (AddParameter): Name = "ComponentLink1Description"; Value = "Datasheet"; VariantName = "[No Variations]"
Add component (AddParameter): Name = "ComponentLink1URL"; Value = "https://www.ti.com/lit/ds/symlink/tmp236.pdf?HQS=dis-dk-null-digikeymode-dsf-pf-null-wwe&ts=1624574807670&ref_url=https%253A%252F%252Fwww.digikey.ch%252F"; VariantName = "[No Variations]"
Add component (AddParameter): Name = "Digikey"; Value = "296-TMP236A4DBZRCT-ND"; VariantName = "[No Variations]"
Added Component: Designator=U3(SMD IC 28-MCM)
Add component. Clean all parameters for all variants
Add component (AddParameter): Name = "ComponentLink1Description"; Value = "Datasheet"; VariantName = "[No Variations]"
Add component (AddParameter): Name = "ComponentLink1URL"; Value = "https://www.skyworksinc.com/-/media/SkyWorks/Documents/Products/2901-3000/SKY65383-11_202668G.pdf"; VariantName = "[No Variations]"
Add component (AddParameter): Name = "Digikey"; Value = "863-1798-1-ND"; VariantName = "[No Variations]"
Added Component: Designator=U4(SMD IC SOT-353 (SC-70-5))
Add component. Clean all parameters for all variants
Add component (AddParameter): Name = "ComponentLink1Description"; Value = "Datasheet"; VariantName = "[No Variations]"
Add component (AddParameter): Name = "ComponentLink1URL"; Value = "https://rocelec.widen.net/view/pdf/vg5irfcitj/ONSM-S-A0003590433-1.pdf?t.download=true&u=5oefqw"; VariantName = "[No Variations]"
Added Component: Designator=U5(SMD NEO)
Add component. Clean all parameters for all variants
Add component (AddParameter): Name = "ComponentLink1Description"; Value = "Datasheet"; VariantName = "[No Variations]"
Add component (AddParameter): Name = "ComponentLink1URL"; Value = "https://www.u-blox.com/sites/default/files/NEO-M9N_Integrationmanual_%28UBX-19014286%29.pdf"; VariantName = "[No Variations]"
Add component (AddParameter): Name = "Digikey"; Value = "672-NEO-M9N-00BTR-ND"; VariantName = "[No Variations]"
Added Component: Designator=U6(SMD IC SOT-223-3)
Add component. Clean all parameters for all variants
Add component (AddParameter): Name = "ComponentLink1Description"; Value = "Datasheet"; VariantName = "[No Variations]"
Add component (AddParameter): Name = "ComponentLink1URL"; Value = "https://ww1.microchip.com/downloads/en/DeviceDoc/20005834A.pdf"; VariantName = "[No Variations]"
Add component (AddParameter): Name = "Digikey"; Value = "MIC39100-3.3WS-TR-ND"; VariantName = "[No Variations]"
Added Component: Designator=U7(SMD IC SOT-23-5)
Add component. Clean all parameters for all variants
Add component (AddParameter): Name = "ComponentLink1Description"; Value = "Datasheet"; VariantName = "[No Variations]"
Add component (AddParameter): Name = "ComponentLink1URL"; Value = "https://datasheet.lcsc.com/szlcsc/1809201520_Torex-Semicon-XC6219A332MR_C58229.pdf"; VariantName = "[No Variations]"
Add component (AddParameter): Name = "Digikey"; Value = "893-1167-1-ND"; VariantName = "[No Variations]"
Added Component: Designator=U8(SMD IC QFN-24)
Add component. Clean all parameters for all variants
Add component (AddParameter): Name = "ComponentLink1Description"; Value = "Datasheet"; VariantName = "[No Variations]"
Add component (AddParameter): Name = "ComponentLink1URL"; Value = "https://media.digikey.com/pdf/Data%20Sheets/Semtech%20PDFs/SX1280-81_Rev3.2_Mar2020.pdf"; VariantName = "[No Variations]"
Add component (AddParameter): Name = "Digikey"; Value = "SX1280IMLTRTCT-ND"; VariantName = "[No Variations]"
Added Component: Designator=X1(SMD CONNECTOR JST-SR 8 PIN)
Add component. Clean all parameters for all variants
Add component (AddParameter): Name = "Digikey"; Value = "455-1808-1-ND"; VariantName = "[No Variations]"
Added Component: Designator=X1(THT Buchse SMA Female)
Add component. Clean all parameters for all variants
Add component (AddParameter): Name = "Digikey"; Value = "931-1361-ND"; VariantName = "[No Variations]"
Added Pin To Net: NetName=GND Pin=C1-1
Added Pin To Net: NetName=3V3 Pin=C1-2
Added Pin To Net: NetName=GND Pin=C2-1
Added Pin To Net: NetName=3V3A Pin=C2-2
Added Pin To Net: NetName=GND Pin=C3-1
Added Pin To Net: NetName=2V85 Pin=C3-2
Added Pin To Net: NetName=GND Pin=C4-1
Added Pin To Net: NetName=GND Pin=C5-1
Added Pin To Net: NetName=GND Pin=C6-1
Added Pin To Net: NetName=GND Pin=C7-1
Added Pin To Net: NetName=GND Pin=C8-1
Added Pin To Net: NetName=GND Pin=C9-1
Added Pin To Net: NetName=GND Pin=C10-1
Added Pin To Net: NetName=2V85 Pin=C10-2
Added Pin To Net: NetName=GND Pin=C11-1
Added Pin To Net: NetName=2V85 Pin=C11-2
Added Pin To Net: NetName=GND Pin=C12-1
Added Pin To Net: NetName=3V3 Pin=C12-2
Added Pin To Net: NetName=GND Pin=C13-1
Added Pin To Net: NetName=GND Pin=C14-1
Added Pin To Net: NetName=GND Pin=C15-1
Added Pin To Net: NetName=GND Pin=C16-1
Added Pin To Net: NetName=GND Pin=C17-1
Added Pin To Net: NetName=GND Pin=C18-1
Added Pin To Net: NetName=3V3A Pin=C18-2
Added Pin To Net: NetName=GND Pin=C19-1
Added Pin To Net: NetName=3V3 Pin=C19-2
Added Pin To Net: NetName=GND Pin=C20-1
Added Pin To Net: NetName=GND Pin=C21-1
Added Pin To Net: NetName=GND Pin=C22-1
Added Pin To Net: NetName=GND Pin=C23-1
Added Pin To Net: NetName=3V3 Pin=C23-2
Added Pin To Net: NetName=GND Pin=C24-1
Added Pin To Net: NetName=GND Pin=C25-1
Added Pin To Net: NetName=GND Pin=C26-1
Added Pin To Net: NetName=5V Pin=D1-A
Added Pin To Net: NetName=3V3A Pin=FB1-2
Added Pin To Net: NetName=3V3A Pin=FB2-2
Added Pin To Net: NetName=3V3A Pin=FB3-2
Added Pin To Net: NetName=GND Pin=FL1-1
Added Pin To Net: NetName=GND Pin=FL1-3
Added Pin To Net: NetName=GND Pin=FL1-4
Added Pin To Net: NetName=GND Pin=FL1-6
Added Pin To Net: NetName=GND Pin=P1-K
Added Pin To Net: NetName=GND Pin=Q1-3
Added Pin To Net: NetName=GND Pin=Q1-3
Added Pin To Net: NetName=GND Pin=SH1-0
Added Pin To Net: NetName=GND Pin=SH1-0
Added Pin To Net: NetName=GND Pin=SH1-0
Added Pin To Net: NetName=GND Pin=SH1-0
Added Pin To Net: NetName=GND Pin=SH1-0
Added Pin To Net: NetName=GND Pin=SH1-0
Added Pin To Net: NetName=GND Pin=SH1-0
Added Pin To Net: NetName=GND Pin=SH1-0
Added Pin To Net: NetName=GND Pin=SH1-0
Added Pin To Net: NetName=GND Pin=SH1-0
Added Pin To Net: NetName=GND Pin=SH1-0
Added Pin To Net: NetName=GND Pin=SH1-0
Added Pin To Net: NetName=GND Pin=SH1-0
Added Pin To Net: NetName=GND Pin=SH1-0
Added Pin To Net: NetName=GND Pin=SH1-0
Added Pin To Net: NetName=GND Pin=SH1-0
Added Pin To Net: NetName=3V3A Pin=U1-1
Added Pin To Net: NetName=GND Pin=U1-2
Added Pin To Net: NetName=2V85 Pin=U1-5
Added Pin To Net: NetName=3V3 Pin=U2-1
Added Pin To Net: NetName=GND Pin=U2-3
Added Pin To Net: NetName=GND Pin=U3-0
Added Pin To Net: NetName=GND Pin=U3-4
Added Pin To Net: NetName=GND Pin=U3-6
Added Pin To Net: NetName=GND Pin=U3-7
Added Pin To Net: NetName=GND Pin=U3-9
Added Pin To Net: NetName=GND Pin=U3-10
Added Pin To Net: NetName=GND Pin=U3-11
Added Pin To Net: NetName=GND Pin=U3-12
Added Pin To Net: NetName=GND Pin=U3-13
Added Pin To Net: NetName=GND Pin=U3-14
Added Pin To Net: NetName=GND Pin=U3-16
Added Pin To Net: NetName=GND Pin=U3-17
Added Pin To Net: NetName=GND Pin=U3-18
Added Pin To Net: NetName=GND Pin=U3-19
Added Pin To Net: NetName=GND Pin=U3-20
Added Pin To Net: NetName=GND Pin=U3-21
Added Pin To Net: NetName=GND Pin=U3-23
Added Pin To Net: NetName=GND Pin=U3-24
Added Pin To Net: NetName=GND Pin=U3-25
Added Pin To Net: NetName=2V85 Pin=U3-27
Added Pin To Net: NetName=2V85 Pin=U3-28
Added Pin To Net: NetName=GND Pin=U4-3
Added Pin To Net: NetName=3V3 Pin=U4-5
Added Pin To Net: NetName=GND Pin=U5-7
Added Pin To Net: NetName=GND Pin=U5-10
Added Pin To Net: NetName=GND Pin=U5-12
Added Pin To Net: NetName=GND Pin=U5-13
Added Pin To Net: NetName=GND Pin=U5-24
Added Pin To Net: NetName=GND Pin=U6-2
Added Pin To Net: NetName=GND Pin=U6-2
Added Pin To Net: NetName=3V3A Pin=U6-3
Added Pin To Net: NetName=GND Pin=U7-2
Added Pin To Net: NetName=3V3 Pin=U7-5
Added Pin To Net: NetName=GND Pin=U8-0
Added Pin To Net: NetName=GND Pin=U8-5
Added Pin To Net: NetName=3V3 Pin=U8-11
Added Pin To Net: NetName=GND Pin=U8-13
Added Pin To Net: NetName=GND Pin=U8-20
Added Pin To Net: NetName=GND Pin=U8-21
Added Pin To Net: NetName=GND Pin=U8-23
Added Pin To Net: NetName=GND Pin=U8-24
Added Pin To Net: NetName=5V Pin=X1-1
Added Pin To Net: NetName=GND Pin=X1-2
Added Pin To Net: NetName=GND Pin=X1-2
Added Pin To Net: NetName=GND Pin=X1-2
Added Pin To Net: NetName=GND Pin=X1-2
Added Pin To Net: NetName=GND Pin=X1-2
Added Pin To Net: NetName=GND Pin=X1-8
Added Pin To Net: NetName=NetANT1_1 Pin=ANT1-1
Added Pin To Net: NetName=NetANT1_1 Pin=C14-2
Added Pin To Net: NetName=NetANT1_1 Pin=L1-2
Added Net: Name=NetANT1_1
Added Pin To Net: NetName=NetC4_2 Pin=C4-2
Added Pin To Net: NetName=NetC4_2 Pin=U1-4
Added Net: Name=NetC4_2
Added Pin To Net: NetName=NetC5_2 Pin=C5-2
Added Pin To Net: NetName=NetC5_2 Pin=C6-2
Added Pin To Net: NetName=NetC5_2 Pin=C7-2
Added Pin To Net: NetName=NetC5_2 Pin=C8-2
Added Pin To Net: NetName=NetC5_2 Pin=C9-2
Added Pin To Net: NetName=NetC5_2 Pin=FB1-1
Added Pin To Net: NetName=NetC5_2 Pin=U3-8
Added Pin To Net: NetName=NetC5_2 Pin=U3-22
Added Pin To Net: NetName=NetC5_2 Pin=U3-26
Added Net: Name=NetC5_2
Added Pin To Net: NetName=NetC13_2 Pin=C13-2
Added Pin To Net: NetName=NetC13_2 Pin=L1-1
Added Pin To Net: NetName=NetC13_2 Pin=U5-11
Added Net: Name=NetC13_2
Added Pin To Net: NetName=NetC15_2 Pin=C15-2
Added Pin To Net: NetName=NetC15_2 Pin=C16-2
Added Pin To Net: NetName=NetC15_2 Pin=C17-2
Added Pin To Net: NetName=NetC15_2 Pin=D1-K
Added Pin To Net: NetName=NetC15_2 Pin=U6-1
Added Pin To Net: NetName=NetC15_2 Pin=U7-1
Added Pin To Net: NetName=NetC15_2 Pin=U7-3
Added Net: Name=NetC15_2
Added Pin To Net: NetName=NetC20_2 Pin=C20-2
Added Pin To Net: NetName=NetC20_2 Pin=L2-1
Added Pin To Net: NetName=NetC20_2 Pin=U8-22
Added Net: Name=NetC20_2
Added Pin To Net: NetName=NetC21_2 Pin=C21-2
Added Pin To Net: NetName=NetC21_2 Pin=L2-2
Added Pin To Net: NetName=NetC21_2 Pin=U3-5
Added Net: Name=NetC21_2
Added Pin To Net: NetName=NetC22_2 Pin=C22-2
Added Pin To Net: NetName=NetC22_2 Pin=FB3-1
Added Pin To Net: NetName=NetC22_2 Pin=U8-15
Added Net: Name=NetC22_2
Added Pin To Net: NetName=NetC24_2 Pin=C24-2
Added Pin To Net: NetName=NetC24_2 Pin=C25-2
Added Pin To Net: NetName=NetC24_2 Pin=U8-2
Added Pin To Net: NetName=NetC24_2 Pin=U8-12
Added Net: Name=NetC24_2
Added Pin To Net: NetName=NetC26_2 Pin=C26-2
Added Pin To Net: NetName=NetC26_2 Pin=U8-1
Added Net: Name=NetC26_2
Added Pin To Net: NetName=NetFB2_1 Pin=FB2-1
Added Pin To Net: NetName=NetFB2_1 Pin=U5-22
Added Pin To Net: NetName=NetFB2_1 Pin=U5-23
Added Net: Name=NetFB2_1
Added Pin To Net: NetName=NetFL1_2 Pin=FL1-2
Added Pin To Net: NetName=NetFL1_2 Pin=U3-15
Added Net: Name=NetFL1_2
Added Pin To Net: NetName=NetFL1_5 Pin=FL1-5
Added Pin To Net: NetName=NetFL1_5 Pin=X1-1
Added Net: Name=NetFL1_5
Added Pin To Net: NetName=NetP1_A Pin=P1-A
Added Pin To Net: NetName=NetP1_A Pin=R1-1
Added Net: Name=NetP1_A
Added Pin To Net: NetName=NetQ1_1 Pin=Q1-1
Added Pin To Net: NetName=NetQ1_1 Pin=U8-4
Added Net: Name=NetQ1_1
Added Pin To Net: NetName=NetQ1_2 Pin=Q1-2
Added Pin To Net: NetName=NetQ1_2 Pin=U8-6
Added Net: Name=NetQ1_2
Added Pin To Net: NetName=NetR1_2 Pin=R1-2
Added Pin To Net: NetName=NetR1_2 Pin=U5-3
Added Net: Name=NetR1_2
Added Pin To Net: NetName=NetU1_3 Pin=U1-3
Added Pin To Net: NetName=NetU1_3 Pin=U3-2
Added Pin To Net: NetName=NetU1_3 Pin=U4-2
Added Net: Name=NetU1_3
Added Pin To Net: NetName=NetU2_2 Pin=U2-2
Added Net: Name=NetU2_2
Added Pin To Net: NetName=NetU3_1 Pin=U3-1
Added Net: Name=NetU3_1
Added Pin To Net: NetName=NetU3_3 Pin=U3-3
Added Pin To Net: NetName=NetU3_3 Pin=U4-4
Added Net: Name=NetU3_3
Added Pin To Net: NetName=NetU5_20 Pin=U5-20
Added Net: Name=NetU5_20
Added Pin To Net: NetName=NetU5_21 Pin=U5-21
Added Net: Name=NetU5_21
Added Pin To Net: NetName=NetU8_7 Pin=U8-7
Added Net: Name=NetU8_7
Added Pin To Net: NetName=NetU8_8 Pin=U8-8
Added Net: Name=NetU8_8
Added Pin To Net: NetName=NetU8_9 Pin=U8-9
Added Net: Name=NetU8_9
Added Pin To Net: NetName=NetU8_16 Pin=U8-16
Added Net: Name=NetU8_16
Added Pin To Net: NetName=NetU8_17 Pin=U8-17
Added Net: Name=NetU8_17
Added Pin To Net: NetName=NetU8_18 Pin=U8-18
Added Net: Name=NetU8_18
Added Pin To Net: NetName=NetU8_19 Pin=U8-19
Added Net: Name=NetU8_19
Added Pin To Net: NetName=NetX1_3 Pin=X1-3
Added Net: Name=NetX1_3
Added Pin To Net: NetName=NetX1_4 Pin=X1-4
Added Net: Name=NetX1_4
Added Pin To Net: NetName=NetX1_5 Pin=X1-5
Added Net: Name=NetX1_5
Added Pin To Net: NetName=NetX1_6 Pin=X1-6
Added Net: Name=NetX1_6
Added Class: Name=Overview
Added Class: Name=U_Frontend
Added Class: Name=U_GNSS
Added Class: Name=U_PM
Added Class: Name=U_Radio
Added Class: Name=U_RF
Added Room: Name=Overview
Added Room: Name=U_Frontend
Added Room: Name=U_GNSS
Added Room: Name=U_PM
Added Room: Name=U_Radio
Added Room: Name=U_RF
Added Rule: Name=Schematic Impedance Constraint_5
Added Rule: Name=Schematic Impedance Constraint_6
Added Rule: Name=Schematic Impedance Constraint_7
Added Rule: Name=Schematic Impedance Constraint_8
Added Rule: Name=Schematic Impedance Constraint_9
Change Rule Scope 1 : Old Scope=InNet('NetFL?_2') New Scope=InNet('NetFL1_2')
